
> frontend@0.1.0 start
> react-scripts start

(node:3874) [DEP_WEBPACK_DEV_SERVER_ON_AFTER_SETUP_MIDDLEWARE] DeprecationWarning: 'onAfterSetupMiddleware' option is deprecated. Please use the 'setupMiddlewares' option.
(Use `node --trace-deprecation ...` to show where the warning was created)
(node:3874) [DEP_WEBPACK_DEV_SERVER_ON_BEFORE_SETUP_MIDDLEWARE] DeprecationWarning: 'onBeforeSetupMiddleware' option is deprecated. Please use the 'setupMiddlewares' option.
Starting the development server...

Compiled with warnings.

[eslint]
src/App.tsx
  Line 33:9:   'myConnectionId' is assigned a value but never used                                                       @typescript-eslint/no-unused-vars
  Line 136:6:  React Hook useEffect has a missing dependency: 'users'. Either include it or remove the dependency array  react-hooks/exhaustive-deps
  Line 201:9:  'isMyTurn' is assigned a value but never used                                                             @typescript-eslint/no-unused-vars

Search for the keywords to learn more about each warning.
To ignore, add // eslint-disable-next-line to the line before.

WARNING in [eslint]
src/App.tsx
  Line 33:9:   'myConnectionId' is assigned a value but never used                                                       @typescript-eslint/no-unused-vars
  Line 136:6:  React Hook useEffect has a missing dependency: 'users'. Either include it or remove the dependency array  react-hooks/exhaustive-deps
  Line 201:9:  'isMyTurn' is assigned a value but never used                                                             @typescript-eslint/no-unused-vars

webpack compiled with 1 warning
No issues found.
Compiling...
Compiled with warnings.

[eslint]
src/App.tsx
  Line 141:6:  React Hook useEffect has a missing dependency: 'users'. Either include it or remove the dependency array  react-hooks/exhaustive-deps
  Line 206:9:  'isMyTurn' is assigned a value but never used                                                             @typescript-eslint/no-unused-vars

Search for the keywords to learn more about each warning.
To ignore, add // eslint-disable-next-line to the line before.

WARNING in [eslint]
src/App.tsx
  Line 141:6:  React Hook useEffect has a missing dependency: 'users'. Either include it or remove the dependency array  react-hooks/exhaustive-deps
  Line 206:9:  'isMyTurn' is assigned a value but never used                                                             @typescript-eslint/no-unused-vars

webpack compiled with 1 warning
No issues found.
