Mock WebSocket server is running on ws://localhost:8080
[CONNECT] 4a1edba8-d8d9-40f5-aa2a-15d74c452369
[DISCONNECT] 4a1edba8-d8d9-40f5-aa2a-15d74c452369
[CONNECT] 8a1d3eb0-6fec-45f6-beef-833bbb9635cd
[CREATE ROOM] S0VE4N by 8a1d3eb0-6fec-45f6-beef-833bbb9635cd
[CONNECT] 93210094-c39d-4c3e-aebb-c6e15ad59fa8
[CONNECT] c0290c69-cc3e-4611-bbb2-5bb422126cbb
[DISCONNECT] 93210094-c39d-4c3e-aebb-c6e15ad59fa8
[JOIN ROOM] c0290c69-cc3e-4611-bbb2-5bb422126cbb joined S0VE4N
[DISCONNECT] c0290c69-cc3e-4611-bbb2-5bb422126cbb
[DISCONNECT] 8a1d3eb0-6fec-45f6-beef-833bbb9635cd
[CONNECT] 9cf8fa03-e12f-4815-b458-3f9fb0902dde
[CONNECT] c0c72482-3180-49fb-a96c-d228d07d9bf4
[DISCONNECT] 9cf8fa03-e12f-4815-b458-3f9fb0902dde
[CREATE ROOM] MTKVTG by c0c72482-3180-49fb-a96c-d228d07d9bf4
[DISCONNECT] c0c72482-3180-49fb-a96c-d228d07d9bf4
[CONNECT] 793f7302-c9c0-44ad-bafe-4e567d4a59d9
[CONNECT] 8494bf3d-8f3b-4222-93e2-c25760825e43
[DISCONNECT] 793f7302-c9c0-44ad-bafe-4e567d4a59d9
[CREATE ROOM] W2HGN7 by 8494bf3d-8f3b-4222-93e2-c25760825e43
[DISCONNECT] 8494bf3d-8f3b-4222-93e2-c25760825e43
[CONNECT] 6bad1659-4993-40aa-a53f-13bed229103f
[CONNECT] 97bf9994-7f45-4492-95f8-621897641e98
[DISCONNECT] 6bad1659-4993-40aa-a53f-13bed229103f
[CREATE ROOM] 1UMJUJ by 97bf9994-7f45-4492-95f8-621897641e98
[DISCONNECT] 97bf9994-7f45-4492-95f8-621897641e98
